[2024-12-13 09:34:21Z INFO HostContext] No proxy settings were found based on environmental variables (http_proxy/https_proxy/HTTP_PROXY/HTTPS_PROXY)
[2024-12-13 09:34:21Z INFO HostContext] Well known directory 'Bin': 'C:\devopslabia\actions-runner\bin'
[2024-12-13 09:34:21Z INFO HostContext] Well known directory 'Root': 'C:\devopslabia\actions-runner'
[2024-12-13 09:34:21Z INFO HostContext] Well known config file 'Credentials': 'C:\devopslabia\actions-runner\.credentials'
[2024-12-13 09:34:21Z INFO HostContext] Well known directory 'Bin': 'C:\devopslabia\actions-runner\bin'
[2024-12-13 09:34:21Z INFO HostContext] Well known directory 'Root': 'C:\devopslabia\actions-runner'
[2024-12-13 09:34:21Z INFO HostContext] Well known config file 'Runner': 'C:\devopslabia\actions-runner\.runner'
[2024-12-13 09:34:21Z INFO Listener] Runner is built for Windows (X64) - win-x64.
[2024-12-13 09:34:21Z INFO Listener] RuntimeInformation: Microsoft Windows 10.0.22631.
[2024-12-13 09:34:21Z INFO Listener] Version: 2.321.0
[2024-12-13 09:34:21Z INFO Listener] Commit: e249007931b7c8e857797fa259c167f0bd4f997a
[2024-12-13 09:34:21Z INFO Listener] Culture: en-IN
[2024-12-13 09:34:21Z INFO Listener] UI Culture: en-US
[2024-12-13 09:34:21Z INFO HostContext] Well known directory 'Bin': 'C:\devopslabia\actions-runner\bin'
[2024-12-13 09:34:21Z INFO HostContext] Well known directory 'Root': 'C:\devopslabia\actions-runner'
[2024-12-13 09:34:21Z INFO Listener] Validating directory permissions for: 'C:\devopslabia\actions-runner'
[2024-12-13 09:34:21Z INFO CommandLineParser] Parse
[2024-12-13 09:34:21Z INFO CommandLineParser] Parsing 5 args
[2024-12-13 09:34:21Z INFO CommandLineParser] parsing argument
[2024-12-13 09:34:21Z INFO CommandLineParser] HasArgs: False
[2024-12-13 09:34:21Z INFO CommandLineParser] Adding Command: configure
[2024-12-13 09:34:21Z INFO CommandLineParser] parsing argument
[2024-12-13 09:34:21Z INFO CommandLineParser] HasArgs: True
[2024-12-13 09:34:21Z INFO CommandLineParser] arg: url
[2024-12-13 09:34:21Z INFO CommandLineParser] parsing argument
[2024-12-13 09:34:21Z INFO CommandLineParser] HasArgs: True
[2024-12-13 09:34:21Z INFO CommandLineParser] Adding option 'url': 'https://github.com/hiteshchandra44/devops'
[2024-12-13 09:34:21Z INFO CommandLineParser] parsing argument
[2024-12-13 09:34:21Z INFO CommandLineParser] HasArgs: True
[2024-12-13 09:34:21Z INFO CommandLineParser] arg: token
[2024-12-13 09:34:21Z INFO CommandLineParser] parsing argument
[2024-12-13 09:34:21Z INFO CommandLineParser] HasArgs: True
[2024-12-13 09:34:21Z INFO CommandLineParser] Adding option 'token': '***'
[2024-12-13 09:34:21Z INFO Listener] Arguments parsed
[2024-12-13 09:34:21Z INFO Runner] ExecuteCommand
[2024-12-13 09:34:21Z INFO ConfigurationStore] currentAssemblyLocation: C:\devopslabia\actions-runner\bin\Runner.Listener.dll
[2024-12-13 09:34:21Z INFO HostContext] Well known directory 'Bin': 'C:\devopslabia\actions-runner\bin'
[2024-12-13 09:34:21Z INFO ConfigurationStore] binPath: C:\devopslabia\actions-runner\bin
[2024-12-13 09:34:21Z INFO HostContext] Well known directory 'Bin': 'C:\devopslabia\actions-runner\bin'
[2024-12-13 09:34:21Z INFO HostContext] Well known directory 'Root': 'C:\devopslabia\actions-runner'
[2024-12-13 09:34:21Z INFO ConfigurationStore] RootFolder: C:\devopslabia\actions-runner
[2024-12-13 09:34:21Z INFO HostContext] Well known directory 'Bin': 'C:\devopslabia\actions-runner\bin'
[2024-12-13 09:34:21Z INFO HostContext] Well known directory 'Root': 'C:\devopslabia\actions-runner'
[2024-12-13 09:34:21Z INFO HostContext] Well known config file 'Runner': 'C:\devopslabia\actions-runner\.runner'
[2024-12-13 09:34:21Z INFO ConfigurationStore] ConfigFilePath: C:\devopslabia\actions-runner\.runner
[2024-12-13 09:34:21Z INFO HostContext] Well known directory 'Bin': 'C:\devopslabia\actions-runner\bin'
[2024-12-13 09:34:21Z INFO HostContext] Well known directory 'Root': 'C:\devopslabia\actions-runner'
[2024-12-13 09:34:21Z INFO HostContext] Well known config file 'Credentials': 'C:\devopslabia\actions-runner\.credentials'
[2024-12-13 09:34:21Z INFO ConfigurationStore] CredFilePath: C:\devopslabia\actions-runner\.credentials
[2024-12-13 09:34:21Z INFO HostContext] Well known directory 'Bin': 'C:\devopslabia\actions-runner\bin'
[2024-12-13 09:34:21Z INFO HostContext] Well known directory 'Root': 'C:\devopslabia\actions-runner'
[2024-12-13 09:34:21Z INFO HostContext] Well known config file 'MigratedCredentials': 'C:\devopslabia\actions-runner\.credentials_migrated'
[2024-12-13 09:34:21Z INFO ConfigurationStore] MigratedCredFilePath: C:\devopslabia\actions-runner\.credentials_migrated
[2024-12-13 09:34:21Z INFO HostContext] Well known directory 'Bin': 'C:\devopslabia\actions-runner\bin'
[2024-12-13 09:34:21Z INFO HostContext] Well known directory 'Root': 'C:\devopslabia\actions-runner'
[2024-12-13 09:34:21Z INFO HostContext] Well known config file 'Service': 'C:\devopslabia\actions-runner\.service'
[2024-12-13 09:34:21Z INFO ConfigurationStore] ServiceConfigFilePath: C:\devopslabia\actions-runner\.service
[2024-12-13 09:34:21Z INFO CommandSettings] Flag 'help': 'False'
[2024-12-13 09:34:21Z INFO CommandSettings] Flag 'version': 'False'
[2024-12-13 09:34:21Z INFO CommandSettings] Flag 'commit': 'False'
[2024-12-13 09:34:21Z INFO CommandSettings] Flag 'check': 'False'
[2024-12-13 09:34:21Z INFO CommandSettings] Command 'configure': 'True'
[2024-12-13 09:34:21Z INFO Terminal] WRITE LINE: 
[2024-12-13 09:34:21Z INFO Terminal] WRITE LINE: --------------------------------------------------------------------------------
[2024-12-13 09:34:21Z INFO Terminal] WRITE LINE: |        ____ _ _   _   _       _          _        _   _                      |
[2024-12-13 09:34:21Z INFO Terminal] WRITE LINE: |       / ___(_) |_| | | |_   _| |__      / \   ___| |_(_) ___  _ __  ___      |
[2024-12-13 09:34:21Z INFO Terminal] WRITE LINE: |      | |  _| | __| |_| | | | | '_ \    / _ \ / __| __| |/ _ \| '_ \/ __|     |
[2024-12-13 09:34:21Z INFO Terminal] WRITE LINE: |      | |_| | | |_|  _  | |_| | |_) |  / ___ \ (__| |_| | (_) | | | \__ \     |
[2024-12-13 09:34:21Z INFO Terminal] WRITE LINE: |       \____|_|\__|_| |_|\__,_|_.__/  /_/   \_\___|\__|_|\___/|_| |_|___/     |
[2024-12-13 09:34:21Z INFO Terminal] WRITE LINE: |                                                                              |
[2024-12-13 09:34:21Z INFO Terminal] WRITE: |                       
[2024-12-13 09:34:21Z INFO Terminal] WRITE: Self-hosted runner registration
[2024-12-13 09:34:21Z INFO Terminal] WRITE LINE:                         |
[2024-12-13 09:34:21Z INFO Terminal] WRITE LINE: |                                                                              |
[2024-12-13 09:34:21Z INFO Terminal] WRITE LINE: --------------------------------------------------------------------------------
[2024-12-13 09:34:21Z INFO ConfigurationManager] ConfigureAsync
[2024-12-13 09:34:21Z INFO CommandSettings] Flag 'generateServiceConfig': 'False'
[2024-12-13 09:34:21Z INFO ConfigurationStore] IsConfigured()
[2024-12-13 09:34:21Z INFO ConfigurationStore] IsConfigured: False
[2024-12-13 09:34:21Z INFO ConfigurationManager] Is configured: False
[2024-12-13 09:34:21Z INFO CommandSettings] Arg 'url': 'https://github.com/hiteshchandra44/devops'
[2024-12-13 09:34:21Z INFO CommandSettings] Remove url from Arg dictionary.
[2024-12-13 09:34:21Z INFO CommandSettings] Arg 'token': '***'
[2024-12-13 09:34:21Z INFO CommandSettings] Remove token from Arg dictionary.
[2024-12-13 09:34:21Z INFO ConfigurationManager] Http response code: OK from 'POST https://api.github.com/actions/runner-registration' (ECEE:102F9:397947:4496FE:675BFF9D)
[2024-12-13 09:34:22Z INFO ConfigurationManager] Using V2 flow: False
[2024-12-13 09:34:22Z INFO ConfigurationManager] cred retrieved via GitHub auth
[2024-12-13 09:34:22Z INFO RunnerServer] EstablishVssConnection
[2024-12-13 09:34:22Z INFO RunnerServer] Establish connection with 100 seconds timeout.
[2024-12-13 09:34:22Z INFO GitHubActionsService] Starting operation Location.GetConnectionData
[2024-12-13 09:34:22Z INFO RunnerServer] EstablishVssConnection
[2024-12-13 09:34:22Z INFO RunnerServer] Establish connection with 60 seconds timeout.
[2024-12-13 09:34:22Z INFO GitHubActionsService] Starting operation Location.GetConnectionData
[2024-12-13 09:34:22Z INFO RunnerServer] EstablishVssConnection
[2024-12-13 09:34:22Z INFO RunnerServer] Establish connection with 60 seconds timeout.
[2024-12-13 09:34:22Z INFO GitHubActionsService] Starting operation Location.GetConnectionData
[2024-12-13 09:34:24Z INFO GitHubActionsService] Finished operation Location.GetConnectionData
[2024-12-13 09:34:24Z INFO GitHubActionsService] Finished operation Location.GetConnectionData
[2024-12-13 09:34:24Z INFO GitHubActionsService] Finished operation Location.GetConnectionData
[2024-12-13 09:34:24Z INFO Terminal] WRITE LINE: 
[2024-12-13 09:34:24Z INFO ConfigurationManager] Test Connection complete.
[2024-12-13 09:34:24Z INFO HostContext] Well known directory 'Bin': 'C:\devopslabia\actions-runner\bin'
[2024-12-13 09:34:24Z INFO HostContext] Well known directory 'Root': 'C:\devopslabia\actions-runner'
[2024-12-13 09:34:24Z INFO HostContext] Well known config file 'RSACredentials': 'C:\devopslabia\actions-runner\.credentials_rsaparams'
[2024-12-13 09:34:24Z INFO RSAEncryptedFileKeyManager] Creating new RSA key using 2048-bit key length
[2024-12-13 09:34:24Z INFO RSAEncryptedFileKeyManager] Successfully saved RSA key parameters to file C:\devopslabia\actions-runner\.credentials_rsaparams
[2024-12-13 09:34:25Z INFO CommandSettings] Arg 'runnergroup': ''
[2024-12-13 09:34:25Z INFO CommandSettings] Flag 'unattended': 'False'
[2024-12-13 09:34:25Z INFO PromptManager] ReadValue
[2024-12-13 09:34:25Z INFO Terminal] WRITE: Enter the name of the runner group to add this runner to: 
[2024-12-13 09:34:25Z INFO Terminal] WRITE: [press Enter for Default] 
[2024-12-13 09:34:25Z INFO Terminal] READ LINE
[2024-12-13 09:34:25Z INFO Terminal] Read value: ''
[2024-12-13 09:34:25Z INFO PromptManager] Falling back to the default: 'Default'
[2024-12-13 09:34:25Z INFO Terminal] WRITE LINE: 
[2024-12-13 09:34:25Z INFO ConfigurationManager] Found a self-hosted runner group with id 1 and name Default
[2024-12-13 09:34:25Z INFO CommandSettings] Flag 'disableupdate': 'False'
[2024-12-13 09:34:25Z INFO CommandSettings] Flag 'ephemeral': 'False'
[2024-12-13 09:34:25Z INFO CommandSettings] Arg 'name': ''
[2024-12-13 09:34:25Z INFO CommandSettings] Flag 'unattended': 'False'
[2024-12-13 09:34:25Z INFO PromptManager] ReadValue
[2024-12-13 09:34:25Z INFO Terminal] WRITE: Enter the name of runner: 
[2024-12-13 09:34:25Z INFO Terminal] WRITE: [press Enter for LAPTOP-89LNMM9N] 
[2024-12-13 09:34:25Z INFO Terminal] READ LINE
[2024-12-13 09:34:26Z INFO Terminal] Read value: ''
[2024-12-13 09:34:26Z INFO PromptManager] Falling back to the default: 'LAPTOP-89LNMM9N'
[2024-12-13 09:34:26Z INFO Terminal] WRITE LINE: 
[2024-12-13 09:34:26Z INFO CommandSettings] Arg 'labels': ''
[2024-12-13 09:34:26Z INFO CommandSettings] Flag 'unattended': 'False'
[2024-12-13 09:34:26Z INFO PromptManager] ReadValue
[2024-12-13 09:34:26Z INFO Terminal] WRITE: This runner will have the following labels: 'self-hosted', 'Windows', 'X64' 
Enter any additional labels (ex. label-1,label-2): 
[2024-12-13 09:34:26Z INFO Terminal] WRITE: [press Enter to skip] 
[2024-12-13 09:34:26Z INFO Terminal] READ LINE
[2024-12-13 09:34:27Z INFO Terminal] Read value: ''
[2024-12-13 09:34:27Z INFO Terminal] WRITE LINE: 
[2024-12-13 09:34:27Z INFO CommandSettings] Flag 'disableupdate': 'False'
[2024-12-13 09:34:27Z INFO CommandSettings] Flag 'no-default-labels': 'False'
[2024-12-13 09:34:28Z INFO CommandSettings] Flag 'disableupdate': 'False'
[2024-12-13 09:34:28Z INFO CommandSettings] Flag 'ephemeral': 'False'
[2024-12-13 09:34:28Z INFO ConfigurationStore] Saving OAuth credential @ C:\devopslabia\actions-runner\.credentials
[2024-12-13 09:34:28Z INFO ConfigurationStore] Credentials Saved.
[2024-12-13 09:34:28Z INFO ConfigurationStore] HasCredentials()
[2024-12-13 09:34:28Z INFO ConfigurationStore] stored True
[2024-12-13 09:34:28Z INFO CredentialManager] GetCredentialProvider
[2024-12-13 09:34:28Z INFO CredentialManager] Creating type OAuth
[2024-12-13 09:34:28Z INFO CredentialManager] Creating credential type: OAuth
[2024-12-13 09:34:28Z INFO RSAEncryptedFileKeyManager] Loading RSA key parameters from file C:\devopslabia\actions-runner\.credentials_rsaparams
[2024-12-13 09:34:28Z INFO RunnerServer] EstablishVssConnection
[2024-12-13 09:34:28Z INFO RunnerServer] Establish connection with 100 seconds timeout.
[2024-12-13 09:34:28Z INFO GitHubActionsService] Starting operation Location.GetConnectionData
[2024-12-13 09:34:28Z INFO RunnerServer] EstablishVssConnection
[2024-12-13 09:34:28Z INFO RunnerServer] Establish connection with 60 seconds timeout.
[2024-12-13 09:34:28Z INFO GitHubActionsService] Starting operation Location.GetConnectionData
[2024-12-13 09:34:28Z INFO RunnerServer] EstablishVssConnection
[2024-12-13 09:34:28Z INFO RunnerServer] Establish connection with 60 seconds timeout.
[2024-12-13 09:34:28Z INFO GitHubActionsService] Starting operation Location.GetConnectionData
[2024-12-13 09:34:29Z INFO GitHubActionsService] Finished operation Location.GetConnectionData
[2024-12-13 09:34:29Z INFO GitHubActionsService] Finished operation Location.GetConnectionData
[2024-12-13 09:34:29Z INFO GitHubActionsService] Finished operation Location.GetConnectionData
[2024-12-13 09:34:29Z INFO RSAEncryptedFileKeyManager] Loading RSA key parameters from file C:\devopslabia\actions-runner\.credentials_rsaparams
[2024-12-13 09:34:29Z INFO RSAEncryptedFileKeyManager] Loading RSA key parameters from file C:\devopslabia\actions-runner\.credentials_rsaparams
[2024-12-13 09:34:31Z INFO GitHubActionsService] AAD Correlation ID for this token request: Unknown
[2024-12-13 09:34:31Z INFO CommandSettings] Arg 'work': ''
[2024-12-13 09:34:31Z INFO CommandSettings] Flag 'unattended': 'False'
[2024-12-13 09:34:31Z INFO PromptManager] ReadValue
[2024-12-13 09:34:31Z INFO Terminal] WRITE: Enter name of work folder: 
[2024-12-13 09:34:31Z INFO Terminal] WRITE: [press Enter for _work] 
[2024-12-13 09:34:31Z INFO Terminal] READ LINE
[2024-12-13 09:34:31Z INFO Terminal] Read value: ''
[2024-12-13 09:34:31Z INFO PromptManager] Falling back to the default: '_work'
[2024-12-13 09:34:31Z INFO ConfigurationStore] Saving runner settings.
[2024-12-13 09:34:31Z INFO ConfigurationStore] Settings Saved.
[2024-12-13 09:34:31Z INFO Terminal] WRITE LINE: 
[2024-12-13 09:34:31Z INFO Terminal] WRITE LINE: 
[2024-12-13 09:34:31Z INFO CommandSettings] Flag 'runasservice': 'False'
[2024-12-13 09:34:31Z INFO CommandSettings] Flag 'unattended': 'False'
[2024-12-13 09:34:31Z INFO PromptManager] ReadValue
[2024-12-13 09:34:31Z INFO Terminal] WRITE: Would you like to run the runner as service? (Y/N) 
[2024-12-13 09:34:31Z INFO Terminal] WRITE: [press Enter for N] 
[2024-12-13 09:34:31Z INFO Terminal] READ LINE
[2024-12-13 09:34:33Z INFO Terminal] Read value: 'Y'
[2024-12-13 09:34:33Z INFO ConfigurationManager] Configuring to run the agent as service
[2024-12-13 09:34:33Z INFO CommandSettings] Arg 'windowslogonaccount': ''
[2024-12-13 09:34:33Z INFO CommandSettings] Flag 'unattended': 'False'
[2024-12-13 09:34:33Z INFO PromptManager] ReadValue
[2024-12-13 09:34:33Z INFO Terminal] WRITE: User account to use for the service 
[2024-12-13 09:34:33Z INFO Terminal] WRITE: [press Enter for NT AUTHORITY\NETWORK SERVICE] 
[2024-12-13 09:34:33Z INFO Terminal] READ LINE
[2024-12-13 09:34:36Z INFO Terminal] Read value: ''
[2024-12-13 09:34:36Z INFO PromptManager] Falling back to the default: 'NT AUTHORITY\NETWORK SERVICE'
[2024-12-13 09:34:36Z INFO WindowsServiceControlManager] LogonAccount after transforming: NT AUTHORITY\NETWORK SERVICE, user: NETWORK SERVICE, domain: NT AUTHORITY
[2024-12-13 09:34:36Z INFO WindowsServiceControlManager] Service name 'actions.runner.hiteshchandra44-devops.LAPTOP-89LNMM9N' display name 'GitHub Actions Runner (hiteshchandra44-devops.LAPTOP-89LNMM9N)' will be used for service configuration.
[2024-12-13 09:34:36Z INFO WindowsServiceControlManager] Verifying if the account has LogonAsService permission
[2024-12-13 09:34:36Z INFO NativeWindowsServiceHelper] Successfully grant logon as service privilege to account 'NETWORK SERVICE'
[2024-12-13 09:34:36Z INFO WindowsServiceControlManager] Create local group and grant folder permission to service logon account.
[2024-12-13 09:34:36Z INFO HostContext] Well known directory 'Bin': 'C:\devopslabia\actions-runner\bin'
[2024-12-13 09:34:36Z INFO HostContext] Well known directory 'Root': 'C:\devopslabia\actions-runner'
[2024-12-13 09:34:36Z INFO ConfigurationStore] Read setting file: 312 chars
[2024-12-13 09:34:36Z INFO HostContext] Well known directory 'Bin': 'C:\devopslabia\actions-runner\bin'
[2024-12-13 09:34:36Z INFO HostContext] Well known directory 'Root': 'C:\devopslabia\actions-runner'
[2024-12-13 09:34:36Z INFO HostContext] Well known directory 'Work': 'C:\devopslabia\actions-runner\_work'
[2024-12-13 09:34:36Z INFO HostContext] Well known directory 'Bin': 'C:\devopslabia\actions-runner\bin'
[2024-12-13 09:34:36Z INFO NativeWindowsServiceHelper] Calculated unique group name GITHUB_ActionsRunner_G37e2c
[2024-12-13 09:34:36Z INFO NativeWindowsServiceHelper] Trying to create group GITHUB_ActionsRunner_G37e2c
[2024-12-13 09:34:36Z INFO NativeWindowsServiceHelper] Local Group 'GITHUB_ActionsRunner_G37e2c' created
[2024-12-13 09:34:36Z INFO NativeWindowsServiceHelper] Trying to add userName NT AUTHORITY\NETWORK SERVICE to the group GITHUB_ActionsRunner_G37e2c
[2024-12-13 09:34:36Z INFO NativeWindowsServiceHelper] Account 'NT AUTHORITY\NETWORK SERVICE' is added to local group 'GITHUB_ActionsRunner_G37e2c'.
[2024-12-13 09:34:36Z INFO NativeWindowsServiceHelper] Set full access control to group for the folder C:\devopslabia\actions-runner
[2024-12-13 09:34:36Z INFO NativeWindowsServiceHelper] Set full access control to group for the folder C:\devopslabia\actions-runner\_work
[2024-12-13 09:34:36Z INFO NativeWindowsServiceHelper] Local group 'GITHUB_ActionsRunner_G37e2c' already has full control to path 'C:\devopslabia\actions-runner\_work'.
[2024-12-13 09:34:36Z INFO Terminal] WRITE LINE: Granting file permissions to 'NT AUTHORITY\NETWORK SERVICE'.
[2024-12-13 09:34:36Z INFO HostContext] Well known directory 'Bin': 'C:\devopslabia\actions-runner\bin'
[2024-12-13 09:34:36Z INFO ProcessInvokerWrapper] Starting process:
[2024-12-13 09:34:36Z INFO ProcessInvokerWrapper]   File name: '"C:\devopslabia\actions-runner\bin\RunnerService.exe"'
[2024-12-13 09:34:36Z INFO ProcessInvokerWrapper]   Arguments: 'init'
[2024-12-13 09:34:36Z INFO ProcessInvokerWrapper]   Working directory: ''
[2024-12-13 09:34:36Z INFO ProcessInvokerWrapper]   Require exit code zero: 'True'
[2024-12-13 09:34:36Z INFO ProcessInvokerWrapper]   Encoding web name:  ; code page: ''
[2024-12-13 09:34:36Z INFO ProcessInvokerWrapper]   Force kill process on cancellation: 'False'
[2024-12-13 09:34:36Z INFO ProcessInvokerWrapper]   Redirected STDIN: 'False'
[2024-12-13 09:34:36Z INFO ProcessInvokerWrapper]   Persist current code page: 'False'
[2024-12-13 09:34:36Z INFO ProcessInvokerWrapper]   Keep redirected STDIN open: 'False'
[2024-12-13 09:34:36Z INFO ProcessInvokerWrapper]   High priority process: 'False'
[2024-12-13 09:34:36Z INFO ProcessInvokerWrapper] Process started with process id 2208, waiting for process exit.
[2024-12-13 09:34:36Z INFO ProcessInvokerWrapper] STDOUT/STDERR stream read finished.
[2024-12-13 09:34:36Z INFO ProcessInvokerWrapper] STDOUT/STDERR stream read finished.
[2024-12-13 09:34:36Z INFO ProcessInvokerWrapper] Finished process 2208 with exit code 0, and elapsed time 00:00:00.2663438.
[2024-12-13 09:34:36Z INFO Terminal] WRITE LINE: Service actions.runner.hiteshchandra44-devops.LAPTOP-89LNMM9N successfully installed
[2024-12-13 09:34:36Z INFO Terminal] WRITE LINE: Service actions.runner.hiteshchandra44-devops.LAPTOP-89LNMM9N successfully set recovery option
[2024-12-13 09:34:36Z INFO Terminal] WRITE LINE: Service actions.runner.hiteshchandra44-devops.LAPTOP-89LNMM9N successfully set to delayed auto start
[2024-12-13 09:34:36Z INFO Terminal] WRITE LINE: Service actions.runner.hiteshchandra44-devops.LAPTOP-89LNMM9N successfully configured
[2024-12-13 09:34:36Z INFO HostContext] Well known directory 'Bin': 'C:\devopslabia\actions-runner\bin'
[2024-12-13 09:34:36Z INFO HostContext] Well known directory 'Root': 'C:\devopslabia\actions-runner'
[2024-12-13 09:34:36Z INFO HostContext] Well known config file 'Service': 'C:\devopslabia\actions-runner\.service'
[2024-12-13 09:34:36Z INFO WindowsServiceControlManager] Configuration was successful, trying to start the service
[2024-12-13 09:34:36Z INFO Terminal] WRITE LINE: Waiting for service to start...
[2024-12-13 09:34:36Z INFO Terminal] WRITE LINE: Service actions.runner.hiteshchandra44-devops.LAPTOP-89LNMM9N started successfully
[2024-12-13 09:34:36Z INFO Listener] Runner execution has finished with return code 0
